<?xml version="1.0" encoding="UTF-8"?>
<testsuites>
  <testsuite name="SeedApp" tests="3" assertions="1" errors="2" failures="0" skipped="0" time="12.343127">
    <testsuite name="SeedApp\Tests\Controllers\SanityTest" file="/opt/tests/SeedApp/Controllers/SanityTest.php" tests="3" assertions="1" errors="2" failures="0" skipped="0" time="12.343127">
      <testcase name="testSanity" class="SeedApp\Tests\Controllers\SanityTest" classname="SeedApp.Tests.Controllers.SanityTest" file="/opt/tests/SeedApp/Controllers/SanityTest.php" line="10" assertions="1" time="0.057696"/>
      <testcase name="testValidRequest" class="SeedApp\Tests\Controllers\SanityTest" classname="SeedApp.Tests.Controllers.SanityTest" file="/opt/tests/SeedApp/Controllers/SanityTest.php" line="73" assertions="0" time="6.148314">
        <error type="RedBeanPHP\RedException">SeedApp\Tests\Controllers\SanityTest::testValidRequest
RedBeanPHP\RedException: A database has already been specified for this key.

/opt/vendor/gabordemooij/redbean/RedBeanPHP/Facade.php:330
/opt/vendor/gabordemooij/redbean/RedBeanPHP/Facade.php:234
/opt/src/SeedApp/Bootstrap.php:33
/opt/tests/SeedApp/Controllers/SanityTest.php:22
/opt/vendor/vonbraunlabs/slimx/SlimX/Tests/AbstractSlimXTest.php:65
</error>
      </testcase>
      <testcase name="testCorsOptions" class="SeedApp\Tests\Controllers\SanityTest" classname="SeedApp.Tests.Controllers.SanityTest" file="/opt/tests/SeedApp/Controllers/SanityTest.php" line="83" assertions="0" time="6.137117">
        <error type="RedBeanPHP\RedException">SeedApp\Tests\Controllers\SanityTest::testCorsOptions
RedBeanPHP\RedException: A database has already been specified for this key.

/opt/vendor/gabordemooij/redbean/RedBeanPHP/Facade.php:330
/opt/vendor/gabordemooij/redbean/RedBeanPHP/Facade.php:234
/opt/src/SeedApp/Bootstrap.php:33
/opt/tests/SeedApp/Controllers/SanityTest.php:22
/opt/vendor/vonbraunlabs/slimx/SlimX/Tests/AbstractSlimXTest.php:65
</error>
      </testcase>
    </testsuite>
  </testsuite>
</testsuites>
